{"/home/olifck/Documents/Dev/devblog/src/conf/helper.js": {"path":"/home/olifck/Documents/Dev/devblog/src/conf/helper.js","statementMap":{"0":{"start":{"line":4,"column":22},"end":{"line":10,"column":6}},"1":{"start":{"line":5,"column":4},"end":{"line":10,"column":6}},"2":{"start":{"line":12,"column":26},"end":{"line":15,"column":1}},"3":{"start":{"line":13,"column":17},"end":{"line":13,"column":37}},"4":{"start":{"line":14,"column":4},"end":{"line":14,"column":31}},"5":{"start":{"line":17,"column":16},"end":{"line":21,"column":1}},"6":{"start":{"line":22,"column":26},"end":{"line":28,"column":1}},"7":{"start":{"line":23,"column":17},"end":{"line":23,"column":45}},"8":{"start":{"line":24,"column":16},"end":{"line":24,"column":19}},"9":{"start":{"line":25,"column":18},"end":{"line":25,"column":49}},"10":{"start":{"line":26,"column":17},"end":{"line":26,"column":39}},"11":{"start":{"line":27,"column":4},"end":{"line":27,"column":57}},"12":{"start":{"line":31,"column":4},"end":{"line":33,"column":5}},"13":{"start":{"line":32,"column":8},"end":{"line":32,"column":21}},"14":{"start":{"line":34,"column":4},"end":{"line":38,"column":5}},"15":{"start":{"line":34,"column":17},"end":{"line":34,"column":18}},"16":{"start":{"line":35,"column":8},"end":{"line":37,"column":9}},"17":{"start":{"line":36,"column":12},"end":{"line":36,"column":25}},"18":{"start":{"line":39,"column":4},"end":{"line":39,"column":16}},"19":{"start":{"line":44,"column":16},"end":{"line":44,"column":17}},"20":{"start":{"line":45,"column":14},"end":{"line":45,"column":15}},"21":{"start":{"line":46,"column":4},"end":{"line":51,"column":5}},"22":{"start":{"line":47,"column":8},"end":{"line":49,"column":9}},"23":{"start":{"line":48,"column":12},"end":{"line":48,"column":20}},"24":{"start":{"line":50,"column":8},"end":{"line":50,"column":14}},"25":{"start":{"line":52,"column":4},"end":{"line":52,"column":19}}},"fnMap":{"0":{"name":"(anonymous_0)","decl":{"start":{"line":4,"column":22},"end":{"line":4,"column":23}},"loc":{"start":{"line":5,"column":4},"end":{"line":10,"column":6}},"line":5},"1":{"name":"(anonymous_1)","decl":{"start":{"line":12,"column":26},"end":{"line":12,"column":27}},"loc":{"start":{"line":12,"column":42},"end":{"line":15,"column":1}},"line":12},"2":{"name":"(anonymous_2)","decl":{"start":{"line":22,"column":26},"end":{"line":22,"column":27}},"loc":{"start":{"line":22,"column":39},"end":{"line":28,"column":1}},"line":22},"3":{"name":"isPrime","decl":{"start":{"line":30,"column":9},"end":{"line":30,"column":16}},"loc":{"start":{"line":30,"column":22},"end":{"line":40,"column":1}},"line":30},"4":{"name":"findNthPrime","decl":{"start":{"line":43,"column":16},"end":{"line":43,"column":28}},"loc":{"start":{"line":43,"column":32},"end":{"line":53,"column":1}},"line":43}},"branchMap":{"0":{"loc":{"start":{"line":27,"column":11},"end":{"line":27,"column":56}},"type":"cond-expr","locations":[{"start":{"line":27,"column":22},"end":{"line":27,"column":40}},{"start":{"line":27,"column":43},"end":{"line":27,"column":56}}],"line":27},"1":{"loc":{"start":{"line":31,"column":4},"end":{"line":33,"column":5}},"type":"if","locations":[{"start":{"line":31,"column":4},"end":{"line":33,"column":5}},{"start":{},"end":{}}],"line":31},"2":{"loc":{"start":{"line":35,"column":8},"end":{"line":37,"column":9}},"type":"if","locations":[{"start":{"line":35,"column":8},"end":{"line":37,"column":9}},{"start":{},"end":{}}],"line":35},"3":{"loc":{"start":{"line":47,"column":8},"end":{"line":49,"column":9}},"type":"if","locations":[{"start":{"line":47,"column":8},"end":{"line":49,"column":9}},{"start":{},"end":{}}],"line":47}},"s":{"0":1,"1":1,"2":1,"3":1,"4":1,"5":1,"6":1,"7":1,"8":1,"9":1,"10":1,"11":1,"12":2,"13":0,"14":2,"15":2,"16":0,"17":0,"18":2,"19":2,"20":2,"21":2,"22":2,"23":2,"24":2,"25":2},"f":{"0":1,"1":1,"2":1,"3":2,"4":2},"b":{"0":[0,1],"1":[0,2],"2":[0,0],"3":[2,0]},"_coverageSchema":"1a1c01bbd47fc00a2c39e90264f33305004495a9","hash":"53d823128eb2752c3a93d63b96da0dbd75e51ef6"}
}
