{"/home/olifck/Documents/Dev/devblog/src/appwrite/auth.js": {"path":"/home/olifck/Documents/Dev/devblog/src/appwrite/auth.js","statementMap":{"0":{"start":{"line":4,"column":13},"end":{"line":4,"column":25}},"1":{"start":{"line":7,"column":8},"end":{"line":9,"column":48}},"2":{"start":{"line":10,"column":8},"end":{"line":10,"column":48}},"3":{"start":{"line":14,"column":8},"end":{"line":29,"column":9}},"4":{"start":{"line":15,"column":32},"end":{"line":20,"column":13}},"5":{"start":{"line":21,"column":12},"end":{"line":26,"column":13}},"6":{"start":{"line":23,"column":16},"end":{"line":23,"column":55}},"7":{"start":{"line":25,"column":16},"end":{"line":25,"column":35}},"8":{"start":{"line":28,"column":12},"end":{"line":28,"column":24}},"9":{"start":{"line":33,"column":8},"end":{"line":42,"column":9}},"10":{"start":{"line":34,"column":28},"end":{"line":37,"column":13}},"11":{"start":{"line":39,"column":12},"end":{"line":39,"column":27}},"12":{"start":{"line":41,"column":12},"end":{"line":41,"column":24}},"13":{"start":{"line":46,"column":8},"end":{"line":50,"column":9}},"14":{"start":{"line":47,"column":12},"end":{"line":47,"column":44}},"15":{"start":{"line":49,"column":12},"end":{"line":49,"column":80}},"16":{"start":{"line":52,"column":8},"end":{"line":52,"column":20}},"17":{"start":{"line":56,"column":8},"end":{"line":62,"column":9}},"18":{"start":{"line":57,"column":12},"end":{"line":57,"column":48}},"19":{"start":{"line":58,"column":12},"end":{"line":58,"column":66}},"20":{"start":{"line":59,"column":12},"end":{"line":59,"column":24}},"21":{"start":{"line":61,"column":12},"end":{"line":61,"column":71}},"22":{"start":{"line":66,"column":28},"end":{"line":66,"column":45}}},"fnMap":{"0":{"name":"(anonymous_0)","decl":{"start":{"line":6,"column":4},"end":{"line":6,"column":5}},"loc":{"start":{"line":6,"column":18},"end":{"line":11,"column":5}},"line":6},"1":{"name":"(anonymous_1)","decl":{"start":{"line":13,"column":4},"end":{"line":13,"column":5}},"loc":{"start":{"line":13,"column":51},"end":{"line":30,"column":5}},"line":13},"2":{"name":"(anonymous_2)","decl":{"start":{"line":32,"column":4},"end":{"line":32,"column":5}},"loc":{"start":{"line":32,"column":37},"end":{"line":43,"column":5}},"line":32},"3":{"name":"(anonymous_3)","decl":{"start":{"line":45,"column":4},"end":{"line":45,"column":5}},"loc":{"start":{"line":45,"column":27},"end":{"line":53,"column":5}},"line":45},"4":{"name":"(anonymous_4)","decl":{"start":{"line":55,"column":4},"end":{"line":55,"column":5}},"loc":{"start":{"line":55,"column":19},"end":{"line":63,"column":5}},"line":55}},"branchMap":{"0":{"loc":{"start":{"line":21,"column":12},"end":{"line":26,"column":13}},"type":"if","locations":[{"start":{"line":21,"column":12},"end":{"line":26,"column":13}},{"start":{"line":24,"column":19},"end":{"line":26,"column":13}}],"line":21}},"s":{"0":1,"1":1,"2":1,"3":0,"4":0,"5":0,"6":0,"7":0,"8":0,"9":0,"10":0,"11":0,"12":0,"13":0,"14":0,"15":0,"16":0,"17":0,"18":0,"19":0,"20":0,"21":0,"22":1},"f":{"0":1,"1":0,"2":0,"3":0,"4":0},"b":{"0":[0,0]},"_coverageSchema":"1a1c01bbd47fc00a2c39e90264f33305004495a9","hash":"0e5762ce39f7d68992d67566ceff238eafb21743"}
,"/home/olifck/Documents/Dev/devblog/src/appwrite/file.js": {"path":"/home/olifck/Documents/Dev/devblog/src/appwrite/file.js","statementMap":{"0":{"start":{"line":5,"column":13},"end":{"line":5,"column":25}},"1":{"start":{"line":9,"column":8},"end":{"line":11,"column":48}},"2":{"start":{"line":13,"column":8},"end":{"line":13,"column":48}},"3":{"start":{"line":19,"column":8},"end":{"line":27,"column":9}},"4":{"start":{"line":20,"column":12},"end":{"line":24,"column":14}},"5":{"start":{"line":26,"column":12},"end":{"line":26,"column":75}},"6":{"start":{"line":30,"column":8},"end":{"line":36,"column":9}},"7":{"start":{"line":31,"column":12},"end":{"line":31,"column":73}},"8":{"start":{"line":32,"column":12},"end":{"line":32,"column":24}},"9":{"start":{"line":34,"column":12},"end":{"line":34,"column":75}},"10":{"start":{"line":35,"column":12},"end":{"line":35,"column":25}},"11":{"start":{"line":40,"column":8},"end":{"line":51,"column":9}},"12":{"start":{"line":41,"column":12},"end":{"line":48,"column":14}},"13":{"start":{"line":50,"column":12},"end":{"line":50,"column":79}},"14":{"start":{"line":55,"column":28},"end":{"line":55,"column":45}}},"fnMap":{"0":{"name":"(anonymous_0)","decl":{"start":{"line":8,"column":4},"end":{"line":8,"column":5}},"loc":{"start":{"line":8,"column":18},"end":{"line":14,"column":5}},"line":8},"1":{"name":"(anonymous_1)","decl":{"start":{"line":18,"column":4},"end":{"line":18,"column":5}},"loc":{"start":{"line":18,"column":27},"end":{"line":28,"column":5}},"line":18},"2":{"name":"(anonymous_2)","decl":{"start":{"line":29,"column":4},"end":{"line":29,"column":5}},"loc":{"start":{"line":29,"column":29},"end":{"line":37,"column":5}},"line":29},"3":{"name":"(anonymous_3)","decl":{"start":{"line":39,"column":4},"end":{"line":39,"column":5}},"loc":{"start":{"line":39,"column":72},"end":{"line":52,"column":5}},"line":39}},"branchMap":{"0":{"loc":{"start":{"line":39,"column":27},"end":{"line":39,"column":70}},"type":"default-arg","locations":[{"start":{"line":39,"column":68},"end":{"line":39,"column":70}}],"line":39},"1":{"loc":{"start":{"line":39,"column":29},"end":{"line":39,"column":38}},"type":"default-arg","locations":[{"start":{"line":39,"column":37},"end":{"line":39,"column":38}}],"line":39},"2":{"loc":{"start":{"line":39,"column":40},"end":{"line":39,"column":50}},"type":"default-arg","locations":[{"start":{"line":39,"column":49},"end":{"line":39,"column":50}}],"line":39},"3":{"loc":{"start":{"line":39,"column":52},"end":{"line":39,"column":63}},"type":"default-arg","locations":[{"start":{"line":39,"column":62},"end":{"line":39,"column":63}}],"line":39}},"s":{"0":1,"1":1,"2":1,"3":0,"4":0,"5":0,"6":0,"7":0,"8":0,"9":0,"10":0,"11":0,"12":0,"13":0,"14":1},"f":{"0":1,"1":0,"2":0,"3":0},"b":{"0":[0],"1":[0],"2":[0],"3":[0]},"_coverageSchema":"1a1c01bbd47fc00a2c39e90264f33305004495a9","hash":"29748b5eb0e4d63206863b9cfa2d33f771a1a0b2"}
,"/home/olifck/Documents/Dev/devblog/src/appwrite/post.js": {"path":"/home/olifck/Documents/Dev/devblog/src/appwrite/post.js","statementMap":{"0":{"start":{"line":6,"column":13},"end":{"line":6,"column":25}},"1":{"start":{"line":10,"column":8},"end":{"line":12,"column":48}},"2":{"start":{"line":14,"column":8},"end":{"line":14,"column":52}},"3":{"start":{"line":26,"column":19},"end":{"line":26,"column":30}},"4":{"start":{"line":27,"column":8},"end":{"line":47,"column":9}},"5":{"start":{"line":28,"column":28},"end":{"line":41,"column":13}},"6":{"start":{"line":42,"column":12},"end":{"line":44,"column":13}},"7":{"start":{"line":43,"column":16},"end":{"line":43,"column":58}},"8":{"start":{"line":46,"column":12},"end":{"line":46,"column":76}},"9":{"start":{"line":51,"column":8},"end":{"line":63,"column":9}},"10":{"start":{"line":52,"column":12},"end":{"line":57,"column":14}},"11":{"start":{"line":59,"column":12},"end":{"line":62,"column":14}},"12":{"start":{"line":69,"column":8},"end":{"line":88,"column":9}},"13":{"start":{"line":70,"column":29},"end":{"line":81,"column":13}},"14":{"start":{"line":82,"column":12},"end":{"line":84,"column":13}},"15":{"start":{"line":83,"column":16},"end":{"line":83,"column":58}},"16":{"start":{"line":85,"column":12},"end":{"line":85,"column":28}},"17":{"start":{"line":87,"column":12},"end":{"line":87,"column":76}},"18":{"start":{"line":92,"column":8},"end":{"line":104,"column":9}},"19":{"start":{"line":93,"column":12},"end":{"line":98,"column":14}},"20":{"start":{"line":100,"column":12},"end":{"line":103,"column":14}},"21":{"start":{"line":109,"column":8},"end":{"line":123,"column":9}},"22":{"start":{"line":110,"column":24},"end":{"line":114,"column":13}},"23":{"start":{"line":115,"column":12},"end":{"line":117,"column":13}},"24":{"start":{"line":116,"column":16},"end":{"line":116,"column":49}},"25":{"start":{"line":119,"column":12},"end":{"line":119,"column":24}},"26":{"start":{"line":121,"column":12},"end":{"line":121,"column":76}},"27":{"start":{"line":122,"column":12},"end":{"line":122,"column":25}},"28":{"start":{"line":127,"column":8},"end":{"line":138,"column":9}},"29":{"start":{"line":128,"column":12},"end":{"line":132,"column":14}},"30":{"start":{"line":134,"column":12},"end":{"line":137,"column":14}},"31":{"start":{"line":142,"column":8},"end":{"line":151,"column":9}},"32":{"start":{"line":143,"column":12},"end":{"line":147,"column":14}},"33":{"start":{"line":149,"column":12},"end":{"line":149,"column":73}},"34":{"start":{"line":150,"column":12},"end":{"line":150,"column":24}},"35":{"start":{"line":154,"column":8},"end":{"line":163,"column":9}},"36":{"start":{"line":155,"column":12},"end":{"line":159,"column":14}},"37":{"start":{"line":161,"column":12},"end":{"line":161,"column":80}},"38":{"start":{"line":162,"column":12},"end":{"line":162,"column":24}},"39":{"start":{"line":167,"column":8},"end":{"line":181,"column":9}},"40":{"start":{"line":168,"column":31},"end":{"line":172,"column":13}},"41":{"start":{"line":174,"column":12},"end":{"line":174,"column":30}},"42":{"start":{"line":176,"column":12},"end":{"line":179,"column":14}},"43":{"start":{"line":180,"column":12},"end":{"line":180,"column":25}},"44":{"start":{"line":184,"column":24},"end":{"line":184,"column":51}},"45":{"start":{"line":185,"column":8},"end":{"line":199,"column":9}},"46":{"start":{"line":186,"column":31},"end":{"line":190,"column":13}},"47":{"start":{"line":192,"column":12},"end":{"line":192,"column":30}},"48":{"start":{"line":194,"column":12},"end":{"line":197,"column":14}},"49":{"start":{"line":198,"column":12},"end":{"line":198,"column":25}},"50":{"start":{"line":203,"column":28},"end":{"line":203,"column":45}}},"fnMap":{"0":{"name":"(anonymous_0)","decl":{"start":{"line":9,"column":4},"end":{"line":9,"column":5}},"loc":{"start":{"line":9,"column":18},"end":{"line":15,"column":5}},"line":9},"1":{"name":"(anonymous_1)","decl":{"start":{"line":17,"column":4},"end":{"line":17,"column":5}},"loc":{"start":{"line":25,"column":7},"end":{"line":48,"column":5}},"line":25},"2":{"name":"(anonymous_2)","decl":{"start":{"line":50,"column":4},"end":{"line":50,"column":5}},"loc":{"start":{"line":50,"column":41},"end":{"line":64,"column":5}},"line":50},"3":{"name":"(anonymous_3)","decl":{"start":{"line":68,"column":4},"end":{"line":68,"column":5}},"loc":{"start":{"line":68,"column":74},"end":{"line":89,"column":5}},"line":68},"4":{"name":"(anonymous_4)","decl":{"start":{"line":91,"column":4},"end":{"line":91,"column":5}},"loc":{"start":{"line":91,"column":41},"end":{"line":105,"column":5}},"line":91},"5":{"name":"(anonymous_5)","decl":{"start":{"line":108,"column":4},"end":{"line":108,"column":5}},"loc":{"start":{"line":108,"column":25},"end":{"line":124,"column":5}},"line":108},"6":{"name":"(anonymous_6)","decl":{"start":{"line":126,"column":4},"end":{"line":126,"column":5}},"loc":{"start":{"line":126,"column":32},"end":{"line":139,"column":5}},"line":126},"7":{"name":"(anonymous_7)","decl":{"start":{"line":141,"column":4},"end":{"line":141,"column":5}},"loc":{"start":{"line":141,"column":22},"end":{"line":152,"column":5}},"line":141},"8":{"name":"(anonymous_8)","decl":{"start":{"line":153,"column":4},"end":{"line":153,"column":5}},"loc":{"start":{"line":153,"column":29},"end":{"line":164,"column":5}},"line":153},"9":{"name":"(anonymous_9)","decl":{"start":{"line":166,"column":4},"end":{"line":166,"column":5}},"loc":{"start":{"line":166,"column":66},"end":{"line":182,"column":5}},"line":166},"10":{"name":"(anonymous_10)","decl":{"start":{"line":183,"column":4},"end":{"line":183,"column":5}},"loc":{"start":{"line":183,"column":24},"end":{"line":200,"column":5}},"line":183}},"branchMap":{"0":{"loc":{"start":{"line":42,"column":12},"end":{"line":44,"column":13}},"type":"if","locations":[{"start":{"line":42,"column":12},"end":{"line":44,"column":13}},{"start":{},"end":{}}],"line":42},"1":{"loc":{"start":{"line":82,"column":12},"end":{"line":84,"column":13}},"type":"if","locations":[{"start":{"line":82,"column":12},"end":{"line":84,"column":13}},{"start":{},"end":{}}],"line":82},"2":{"loc":{"start":{"line":115,"column":12},"end":{"line":117,"column":13}},"type":"if","locations":[{"start":{"line":115,"column":12},"end":{"line":117,"column":13}},{"start":{},"end":{}}],"line":115},"3":{"loc":{"start":{"line":166,"column":21},"end":{"line":166,"column":64}},"type":"default-arg","locations":[{"start":{"line":166,"column":31},"end":{"line":166,"column":64}}],"line":166}},"s":{"0":1,"1":1,"2":1,"3":0,"4":0,"5":0,"6":0,"7":0,"8":0,"9":0,"10":0,"11":0,"12":0,"13":0,"14":0,"15":0,"16":0,"17":0,"18":0,"19":0,"20":0,"21":0,"22":0,"23":0,"24":0,"25":0,"26":0,"27":0,"28":0,"29":0,"30":0,"31":0,"32":0,"33":0,"34":0,"35":0,"36":0,"37":0,"38":0,"39":0,"40":0,"41":0,"42":0,"43":0,"44":0,"45":0,"46":0,"47":0,"48":0,"49":0,"50":1},"f":{"0":1,"1":0,"2":0,"3":0,"4":0,"5":0,"6":0,"7":0,"8":0,"9":0,"10":0},"b":{"0":[0,0],"1":[0,0],"2":[0,0],"3":[0]},"_coverageSchema":"1a1c01bbd47fc00a2c39e90264f33305004495a9","hash":"edc2b13df66a656804102495b07738aae3f9f340"}
,"/home/olifck/Documents/Dev/devblog/src/components/AuthLayout.jsx": {"path":"/home/olifck/Documents/Dev/devblog/src/components/AuthLayout.jsx","statementMap":{"0":{"start":{"line":5,"column":21},"end":{"line":5,"column":34}},"1":{"start":{"line":6,"column":21},"end":{"line":6,"column":34}},"2":{"start":{"line":8,"column":32},"end":{"line":8,"column":46}},"3":{"start":{"line":9,"column":23},"end":{"line":9,"column":64}},"4":{"start":{"line":9,"column":46},"end":{"line":9,"column":63}},"5":{"start":{"line":10,"column":4},"end":{"line":20,"column":47}},"6":{"start":{"line":11,"column":8},"end":{"line":17,"column":9}},"7":{"start":{"line":12,"column":12},"end":{"line":12,"column":31}},"8":{"start":{"line":13,"column":15},"end":{"line":17,"column":9}},"9":{"start":{"line":14,"column":31},"end":{"line":14,"column":67}},"10":{"start":{"line":16,"column":12},"end":{"line":16,"column":33}},"11":{"start":{"line":19,"column":8},"end":{"line":19,"column":25}},"12":{"start":{"line":21,"column":4},"end":{"line":21,"column":58}}},"fnMap":{"0":{"name":"AuthLayout","decl":{"start":{"line":4,"column":24},"end":{"line":4,"column":34}},"loc":{"start":{"line":4,"column":72},"end":{"line":22,"column":1}},"line":4},"1":{"name":"(anonymous_1)","decl":{"start":{"line":9,"column":35},"end":{"line":9,"column":36}},"loc":{"start":{"line":9,"column":46},"end":{"line":9,"column":63}},"line":9},"2":{"name":"(anonymous_2)","decl":{"start":{"line":10,"column":14},"end":{"line":10,"column":15}},"loc":{"start":{"line":10,"column":20},"end":{"line":20,"column":5}},"line":10}},"branchMap":{"0":{"loc":{"start":{"line":4,"column":47},"end":{"line":4,"column":68}},"type":"default-arg","locations":[{"start":{"line":4,"column":64},"end":{"line":4,"column":68}}],"line":4},"1":{"loc":{"start":{"line":11,"column":8},"end":{"line":17,"column":9}},"type":"if","locations":[{"start":{"line":11,"column":8},"end":{"line":17,"column":9}},{"start":{"line":13,"column":15},"end":{"line":17,"column":9}}],"line":11},"2":{"loc":{"start":{"line":11,"column":12},"end":{"line":11,"column":59}},"type":"binary-expr","locations":[{"start":{"line":11,"column":12},"end":{"line":11,"column":26}},{"start":{"line":11,"column":30},"end":{"line":11,"column":59}}],"line":11},"3":{"loc":{"start":{"line":13,"column":15},"end":{"line":17,"column":9}},"type":"if","locations":[{"start":{"line":13,"column":15},"end":{"line":17,"column":9}},{"start":{},"end":{}}],"line":13},"4":{"loc":{"start":{"line":13,"column":19},"end":{"line":13,"column":67}},"type":"binary-expr","locations":[{"start":{"line":13,"column":19},"end":{"line":13,"column":34}},{"start":{"line":13,"column":38},"end":{"line":13,"column":67}}],"line":13},"5":{"loc":{"start":{"line":14,"column":31},"end":{"line":14,"column":67}},"type":"binary-expr","locations":[{"start":{"line":14,"column":31},"end":{"line":14,"column":60}},{"start":{"line":14,"column":64},"end":{"line":14,"column":67}}],"line":14},"6":{"loc":{"start":{"line":21,"column":11},"end":{"line":21,"column":57}},"type":"cond-expr","locations":[{"start":{"line":21,"column":20},"end":{"line":21,"column":39}},{"start":{"line":21,"column":42},"end":{"line":21,"column":57}}],"line":21}},"s":{"0":0,"1":0,"2":0,"3":0,"4":0,"5":0,"6":0,"7":0,"8":0,"9":0,"10":0,"11":0,"12":0},"f":{"0":0,"1":0,"2":0},"b":{"0":[0],"1":[0,0],"2":[0,0],"3":[0,0],"4":[0,0],"5":[0,0],"6":[0,0]},"_coverageSchema":"1a1c01bbd47fc00a2c39e90264f33305004495a9","hash":"7ad0db24eb1352a6c37d1bc5e637c1354463b3e1"}
,"/home/olifck/Documents/Dev/devblog/src/components/Avatar.jsx": {"path":"/home/olifck/Documents/Dev/devblog/src/components/Avatar.jsx","statementMap":{"0":{"start":{"line":1,"column":15},"end":{"line":16,"column":1}},"1":{"start":{"line":2,"column":22},"end":{"line":2,"column":38}},"2":{"start":{"line":5,"column":8},"end":{"line":7,"column":37}},"3":{"start":{"line":8,"column":4},"end":{"line":15,"column":6}}},"fnMap":{"0":{"name":"(anonymous_0)","decl":{"start":{"line":1,"column":15},"end":{"line":1,"column":16}},"loc":{"start":{"line":1,"column":29},"end":{"line":16,"column":1}},"line":1}},"branchMap":{"0":{"loc":{"start":{"line":5,"column":8},"end":{"line":7,"column":37}},"type":"cond-expr","locations":[{"start":{"line":6,"column":14},"end":{"line":6,"column":70}},{"start":{"line":7,"column":14},"end":{"line":7,"column":37}}],"line":5}},"s":{"0":1,"1":0,"2":0,"3":0},"f":{"0":0},"b":{"0":[0,0]},"_coverageSchema":"1a1c01bbd47fc00a2c39e90264f33305004495a9","hash":"61c4848ad3620515eb1fc9e926895c10a13b202d"}
,"/home/olifck/Documents/Dev/devblog/src/components/Button.jsx": {"path":"/home/olifck/Documents/Dev/devblog/src/components/Button.jsx","statementMap":{"0":{"start":{"line":1,"column":15},"end":{"line":17,"column":1}},"1":{"start":{"line":9,"column":4},"end":{"line":16,"column":6}}},"fnMap":{"0":{"name":"(anonymous_0)","decl":{"start":{"line":1,"column":15},"end":{"line":1,"column":16}},"loc":{"start":{"line":8,"column":6},"end":{"line":17,"column":1}},"line":8}},"branchMap":{"0":{"loc":{"start":{"line":3,"column":4},"end":{"line":3,"column":19}},"type":"default-arg","locations":[{"start":{"line":3,"column":11},"end":{"line":3,"column":19}}],"line":3},"1":{"loc":{"start":{"line":4,"column":4},"end":{"line":4,"column":27}},"type":"default-arg","locations":[{"start":{"line":4,"column":14},"end":{"line":4,"column":27}}],"line":4},"2":{"loc":{"start":{"line":5,"column":4},"end":{"line":5,"column":23}},"type":"default-arg","locations":[{"start":{"line":5,"column":16},"end":{"line":5,"column":23}}],"line":5},"3":{"loc":{"start":{"line":6,"column":4},"end":{"line":6,"column":18}},"type":"default-arg","locations":[{"start":{"line":6,"column":16},"end":{"line":6,"column":18}}],"line":6}},"s":{"0":1,"1":0},"f":{"0":0},"b":{"0":[0],"1":[0],"2":[0],"3":[0]},"_coverageSchema":"1a1c01bbd47fc00a2c39e90264f33305004495a9","hash":"711a6bd446d66799326cd4aaa1f75b0ab9a5a29d"}
,"/home/olifck/Documents/Dev/devblog/src/components/ErrorPage.jsx": {"path":"/home/olifck/Documents/Dev/devblog/src/components/ErrorPage.jsx","statementMap":{"0":{"start":{"line":3,"column":18},"end":{"line":11,"column":1}},"1":{"start":{"line":4,"column":4},"end":{"line":10,"column":6}}},"fnMap":{"0":{"name":"(anonymous_0)","decl":{"start":{"line":3,"column":18},"end":{"line":3,"column":19}},"loc":{"start":{"line":3,"column":24},"end":{"line":11,"column":1}},"line":3}},"branchMap":{},"s":{"0":1,"1":0},"f":{"0":0},"b":{},"_coverageSchema":"1a1c01bbd47fc00a2c39e90264f33305004495a9","hash":"7f8a2b9503f0e7ac4bb65008f9e8130acc4897a8"}
,"/home/olifck/Documents/Dev/devblog/src/components/Hero.jsx": {"path":"/home/olifck/Documents/Dev/devblog/src/components/Hero.jsx","statementMap":{"0":{"start":{"line":4,"column":13},"end":{"line":26,"column":1}},"1":{"start":{"line":5,"column":4},"end":{"line":25,"column":6}}},"fnMap":{"0":{"name":"(anonymous_0)","decl":{"start":{"line":4,"column":13},"end":{"line":4,"column":14}},"loc":{"start":{"line":4,"column":19},"end":{"line":26,"column":1}},"line":4}},"branchMap":{},"s":{"0":1,"1":0},"f":{"0":0},"b":{},"_coverageSchema":"1a1c01bbd47fc00a2c39e90264f33305004495a9","hash":"95f22dca5da6c4b72905829131c2b8e26029a3cf"}
,"/home/olifck/Documents/Dev/devblog/src/components/ImageLoader.jsx": {"path":"/home/olifck/Documents/Dev/devblog/src/components/ImageLoader.jsx","statementMap":{"0":{"start":{"line":4,"column":20},"end":{"line":54,"column":1}},"1":{"start":{"line":5,"column":36},"end":{"line":5,"column":51}},"2":{"start":{"line":6,"column":36},"end":{"line":6,"column":51}},"3":{"start":{"line":8,"column":28},"end":{"line":11,"column":5}},"4":{"start":{"line":9,"column":8},"end":{"line":9,"column":26}},"5":{"start":{"line":10,"column":8},"end":{"line":10,"column":27}},"6":{"start":{"line":13,"column":29},"end":{"line":16,"column":5}},"7":{"start":{"line":14,"column":8},"end":{"line":14,"column":27}},"8":{"start":{"line":15,"column":8},"end":{"line":15,"column":26}},"9":{"start":{"line":17,"column":4},"end":{"line":26,"column":13}},"10":{"start":{"line":18,"column":8},"end":{"line":25,"column":10}},"11":{"start":{"line":27,"column":4},"end":{"line":53,"column":6}}},"fnMap":{"0":{"name":"(anonymous_0)","decl":{"start":{"line":4,"column":20},"end":{"line":4,"column":21}},"loc":{"start":{"line":4,"column":72},"end":{"line":54,"column":1}},"line":4},"1":{"name":"(anonymous_1)","decl":{"start":{"line":8,"column":28},"end":{"line":8,"column":29}},"loc":{"start":{"line":8,"column":34},"end":{"line":11,"column":5}},"line":8},"2":{"name":"(anonymous_2)","decl":{"start":{"line":13,"column":29},"end":{"line":13,"column":30}},"loc":{"start":{"line":13,"column":35},"end":{"line":16,"column":5}},"line":13},"3":{"name":"(anonymous_3)","decl":{"start":{"line":17,"column":14},"end":{"line":17,"column":15}},"loc":{"start":{"line":17,"column":20},"end":{"line":26,"column":5}},"line":17}},"branchMap":{"0":{"loc":{"start":{"line":29,"column":13},"end":{"line":39,"column":13}},"type":"binary-expr","locations":[{"start":{"line":29,"column":13},"end":{"line":29,"column":22}},{"start":{"line":29,"column":26},"end":{"line":29,"column":35}},{"start":{"line":30,"column":16},"end":{"line":38,"column":22}}],"line":29},"1":{"loc":{"start":{"line":40,"column":13},"end":{"line":40,"column":53}},"type":"binary-expr","locations":[{"start":{"line":40,"column":13},"end":{"line":40,"column":21}},{"start":{"line":40,"column":25},"end":{"line":40,"column":53}}],"line":40},"2":{"loc":{"start":{"line":50,"column":30},"end":{"line":50,"column":60}},"type":"cond-expr","locations":[{"start":{"line":50,"column":41},"end":{"line":50,"column":49}},{"start":{"line":50,"column":52},"end":{"line":50,"column":60}}],"line":50}},"s":{"0":1,"1":0,"2":0,"3":0,"4":0,"5":0,"6":0,"7":0,"8":0,"9":0,"10":0,"11":0},"f":{"0":0,"1":0,"2":0,"3":0},"b":{"0":[0,0,0],"1":[0,0],"2":[0,0]},"_coverageSchema":"1a1c01bbd47fc00a2c39e90264f33305004495a9","hash":"b538f365c9cc7064fdd62f2509bb5cee4546a0a0"}
,"/home/olifck/Documents/Dev/devblog/src/components/Input.jsx": {"path":"/home/olifck/Documents/Dev/devblog/src/components/Input.jsx","statementMap":{"0":{"start":{"line":3,"column":14},"end":{"line":23,"column":1}},"1":{"start":{"line":5,"column":19},"end":{"line":5,"column":26}},"2":{"start":{"line":6,"column":8},"end":{"line":21,"column":10}}},"fnMap":{"0":{"name":"(anonymous_0)","decl":{"start":{"line":4,"column":4},"end":{"line":4,"column":5}},"loc":{"start":{"line":4,"column":65},"end":{"line":22,"column":5}},"line":4}},"branchMap":{"0":{"loc":{"start":{"line":4,"column":14},"end":{"line":4,"column":27}},"type":"default-arg","locations":[{"start":{"line":4,"column":21},"end":{"line":4,"column":27}}],"line":4},"1":{"loc":{"start":{"line":4,"column":29},"end":{"line":4,"column":43}},"type":"default-arg","locations":[{"start":{"line":4,"column":41},"end":{"line":4,"column":43}}],"line":4},"2":{"loc":{"start":{"line":8,"column":17},"end":{"line":12,"column":17}},"type":"binary-expr","locations":[{"start":{"line":8,"column":17},"end":{"line":8,"column":22}},{"start":{"line":9,"column":20},"end":{"line":11,"column":28}}],"line":8}},"s":{"0":1,"1":0,"2":0},"f":{"0":0},"b":{"0":[0],"1":[0],"2":[0,0]},"_coverageSchema":"1a1c01bbd47fc00a2c39e90264f33305004495a9","hash":"17efccbdccedfc2a1f98acfd588c794c01869a8f"}
,"/home/olifck/Documents/Dev/devblog/src/components/Login.jsx": {"path":"/home/olifck/Documents/Dev/devblog/src/components/Login.jsx","statementMap":{"0":{"start":{"line":10,"column":21},"end":{"line":10,"column":34}},"1":{"start":{"line":11,"column":21},"end":{"line":11,"column":34}},"2":{"start":{"line":13,"column":21},"end":{"line":13,"column":34}},"3":{"start":{"line":14,"column":39},"end":{"line":14,"column":48}},"4":{"start":{"line":15,"column":36},"end":{"line":15,"column":48}},"5":{"start":{"line":17,"column":24},"end":{"line":36,"column":5}},"6":{"start":{"line":18,"column":8},"end":{"line":18,"column":24}},"7":{"start":{"line":19,"column":8},"end":{"line":35,"column":9}},"8":{"start":{"line":20,"column":28},"end":{"line":20,"column":65}},"9":{"start":{"line":22,"column":12},"end":{"line":32,"column":13}},"10":{"start":{"line":23,"column":29},"end":{"line":23,"column":71}},"11":{"start":{"line":25,"column":16},"end":{"line":31,"column":17}},"12":{"start":{"line":26,"column":20},"end":{"line":26,"column":46}},"13":{"start":{"line":27,"column":39},"end":{"line":27,"column":66}},"14":{"start":{"line":29,"column":20},"end":{"line":29,"column":60}},"15":{"start":{"line":30,"column":20},"end":{"line":30,"column":34}},"16":{"start":{"line":34,"column":12},"end":{"line":34,"column":39}},"17":{"start":{"line":38,"column":4},"end":{"line":105,"column":6}},"18":{"start":{"line":82,"column":40},"end":{"line":85,"column":79}}},"fnMap":{"0":{"name":"Login","decl":{"start":{"line":9,"column":9},"end":{"line":9,"column":14}},"loc":{"start":{"line":9,"column":17},"end":{"line":106,"column":1}},"line":9},"1":{"name":"(anonymous_1)","decl":{"start":{"line":17,"column":24},"end":{"line":17,"column":25}},"loc":{"start":{"line":17,"column":40},"end":{"line":36,"column":5}},"line":17},"2":{"name":"(anonymous_2)","decl":{"start":{"line":81,"column":49},"end":{"line":81,"column":50}},"loc":{"start":{"line":82,"column":40},"end":{"line":85,"column":79}},"line":82}},"branchMap":{"0":{"loc":{"start":{"line":22,"column":12},"end":{"line":32,"column":13}},"type":"if","locations":[{"start":{"line":22,"column":12},"end":{"line":32,"column":13}},{"start":{},"end":{}}],"line":22},"1":{"loc":{"start":{"line":25,"column":16},"end":{"line":31,"column":17}},"type":"if","locations":[{"start":{"line":25,"column":16},"end":{"line":31,"column":17}},{"start":{},"end":{}}],"line":25},"2":{"loc":{"start":{"line":27,"column":39},"end":{"line":27,"column":66}},"type":"binary-expr","locations":[{"start":{"line":27,"column":39},"end":{"line":27,"column":59}},{"start":{"line":27,"column":63},"end":{"line":27,"column":66}}],"line":27},"3":{"loc":{"start":{"line":68,"column":17},"end":{"line":70,"column":17}},"type":"binary-expr","locations":[{"start":{"line":68,"column":17},"end":{"line":68,"column":25}},{"start":{"line":69,"column":20},"end":{"line":69,"column":79}}],"line":68},"4":{"loc":{"start":{"line":82,"column":40},"end":{"line":85,"column":79}},"type":"binary-expr","locations":[{"start":{"line":82,"column":40},"end":{"line":84,"column":41}},{"start":{"line":85,"column":40},"end":{"line":85,"column":79}}],"line":82}},"s":{"0":0,"1":0,"2":0,"3":0,"4":0,"5":0,"6":0,"7":0,"8":0,"9":0,"10":0,"11":0,"12":0,"13":0,"14":0,"15":0,"16":0,"17":0,"18":0},"f":{"0":0,"1":0,"2":0},"b":{"0":[0,0],"1":[0,0],"2":[0,0],"3":[0,0],"4":[0,0]},"_coverageSchema":"1a1c01bbd47fc00a2c39e90264f33305004495a9","hash":"8191fea130ca7afc54a13744e1f0a43e71c9a9ab"}
,"/home/olifck/Documents/Dev/devblog/src/components/Logo.jsx": {"path":"/home/olifck/Documents/Dev/devblog/src/components/Logo.jsx","statementMap":{"0":{"start":{"line":3,"column":13},"end":{"line":10,"column":1}},"1":{"start":{"line":4,"column":4},"end":{"line":9,"column":6}}},"fnMap":{"0":{"name":"(anonymous_0)","decl":{"start":{"line":3,"column":13},"end":{"line":3,"column":14}},"loc":{"start":{"line":3,"column":38},"end":{"line":10,"column":1}},"line":3}},"branchMap":{"0":{"loc":{"start":{"line":3,"column":16},"end":{"line":3,"column":31}},"type":"default-arg","locations":[{"start":{"line":3,"column":24},"end":{"line":3,"column":31}}],"line":3}},"s":{"0":1,"1":1},"f":{"0":1},"b":{"0":[0]},"_coverageSchema":"1a1c01bbd47fc00a2c39e90264f33305004495a9","hash":"99a1fc51840e090bcf9b8e99a831f79738c6ccc4"}
,"/home/olifck/Documents/Dev/devblog/src/components/PostCard.jsx": {"path":"/home/olifck/Documents/Dev/devblog/src/components/PostCard.jsx","statementMap":{"0":{"start":{"line":4,"column":17},"end":{"line":43,"column":1}},"1":{"start":{"line":13,"column":4},"end":{"line":42,"column":6}}},"fnMap":{"0":{"name":"(anonymous_0)","decl":{"start":{"line":4,"column":17},"end":{"line":4,"column":18}},"loc":{"start":{"line":12,"column":6},"end":{"line":43,"column":1}},"line":12}},"branchMap":{},"s":{"0":1,"1":0},"f":{"0":0},"b":{},"_coverageSchema":"1a1c01bbd47fc00a2c39e90264f33305004495a9","hash":"ef353281c424eaed3f80ca2da66919cf0e97f65a"}
,"/home/olifck/Documents/Dev/devblog/src/components/RTE.jsx": {"path":"/home/olifck/Documents/Dev/devblog/src/components/RTE.jsx","statementMap":{"0":{"start":{"line":3,"column":12},"end":{"line":67,"column":1}},"1":{"start":{"line":4,"column":4},"end":{"line":66,"column":6}},"2":{"start":{"line":11,"column":20},"end":{"line":62,"column":22}}},"fnMap":{"0":{"name":"(anonymous_0)","decl":{"start":{"line":3,"column":12},"end":{"line":3,"column":13}},"loc":{"start":{"line":3,"column":61},"end":{"line":67,"column":1}},"line":3},"1":{"name":"(anonymous_1)","decl":{"start":{"line":10,"column":24},"end":{"line":10,"column":25}},"loc":{"start":{"line":11,"column":20},"end":{"line":62,"column":22}},"line":11}},"branchMap":{"0":{"loc":{"start":{"line":3,"column":37},"end":{"line":3,"column":54}},"type":"default-arg","locations":[{"start":{"line":3,"column":52},"end":{"line":3,"column":54}}],"line":3},"1":{"loc":{"start":{"line":6,"column":13},"end":{"line":6,"column":79}},"type":"binary-expr","locations":[{"start":{"line":6,"column":13},"end":{"line":6,"column":18}},{"start":{"line":6,"column":22},"end":{"line":6,"column":79}}],"line":6},"2":{"loc":{"start":{"line":9,"column":22},"end":{"line":9,"column":39}},"type":"binary-expr","locations":[{"start":{"line":9,"column":22},"end":{"line":9,"column":26}},{"start":{"line":9,"column":30},"end":{"line":9,"column":39}}],"line":9}},"s":{"0":1,"1":0,"2":0},"f":{"0":0,"1":0},"b":{"0":[0],"1":[0,0],"2":[0,0]},"_coverageSchema":"1a1c01bbd47fc00a2c39e90264f33305004495a9","hash":"d3ab1da222f9af4595e42010dc1bc96c7bad475a"}
,"/home/olifck/Documents/Dev/devblog/src/components/ScrollTotop.jsx": {"path":"/home/olifck/Documents/Dev/devblog/src/components/ScrollTotop.jsx","statementMap":{"0":{"start":{"line":4,"column":20},"end":{"line":12,"column":1}},"1":{"start":{"line":5,"column":25},"end":{"line":5,"column":38}},"2":{"start":{"line":7,"column":4},"end":{"line":9,"column":19}},"3":{"start":{"line":8,"column":8},"end":{"line":8,"column":30}},"4":{"start":{"line":11,"column":4},"end":{"line":11,"column":16}}},"fnMap":{"0":{"name":"(anonymous_0)","decl":{"start":{"line":4,"column":20},"end":{"line":4,"column":21}},"loc":{"start":{"line":4,"column":26},"end":{"line":12,"column":1}},"line":4},"1":{"name":"(anonymous_1)","decl":{"start":{"line":7,"column":14},"end":{"line":7,"column":15}},"loc":{"start":{"line":7,"column":20},"end":{"line":9,"column":5}},"line":7}},"branchMap":{},"s":{"0":1,"1":0,"2":0,"3":0,"4":0},"f":{"0":0,"1":0},"b":{},"_coverageSchema":"1a1c01bbd47fc00a2c39e90264f33305004495a9","hash":"1d9f2a4fefe22c34b621337704467932d17c3670"}
,"/home/olifck/Documents/Dev/devblog/src/components/Select.jsx": {"path":"/home/olifck/Documents/Dev/devblog/src/components/Select.jsx","statementMap":{"0":{"start":{"line":3,"column":15},"end":{"line":26,"column":1}},"1":{"start":{"line":4,"column":15},"end":{"line":4,"column":22}},"2":{"start":{"line":5,"column":4},"end":{"line":25,"column":6}},"3":{"start":{"line":19,"column":20},"end":{"line":21,"column":29}}},"fnMap":{"0":{"name":"(anonymous_0)","decl":{"start":{"line":3,"column":15},"end":{"line":3,"column":16}},"loc":{"start":{"line":3,"column":70},"end":{"line":26,"column":1}},"line":3},"1":{"name":"(anonymous_1)","decl":{"start":{"line":18,"column":30},"end":{"line":18,"column":31}},"loc":{"start":{"line":19,"column":20},"end":{"line":21,"column":29}},"line":19}},"branchMap":{"0":{"loc":{"start":{"line":3,"column":34},"end":{"line":3,"column":48}},"type":"default-arg","locations":[{"start":{"line":3,"column":46},"end":{"line":3,"column":48}}],"line":3},"1":{"loc":{"start":{"line":7,"column":13},"end":{"line":11,"column":13}},"type":"binary-expr","locations":[{"start":{"line":7,"column":13},"end":{"line":7,"column":18}},{"start":{"line":8,"column":16},"end":{"line":10,"column":24}}],"line":7}},"s":{"0":1,"1":0,"2":0,"3":0},"f":{"0":0,"1":0},"b":{"0":[0],"1":[0,0]},"_coverageSchema":"1a1c01bbd47fc00a2c39e90264f33305004495a9","hash":"ae1ff9125454c88d2c106039af18f387c911615e"}
,"/home/olifck/Documents/Dev/devblog/src/components/Signup.jsx": {"path":"/home/olifck/Documents/Dev/devblog/src/components/Signup.jsx","statementMap":{"0":{"start":{"line":8,"column":15},"end":{"line":101,"column":1}},"1":{"start":{"line":9,"column":21},"end":{"line":9,"column":34}},"2":{"start":{"line":10,"column":21},"end":{"line":10,"column":34}},"3":{"start":{"line":11,"column":36},"end":{"line":11,"column":48}},"4":{"start":{"line":12,"column":39},"end":{"line":12,"column":48}},"5":{"start":{"line":15,"column":25},"end":{"line":28,"column":5}},"6":{"start":{"line":16,"column":8},"end":{"line":16,"column":24}},"7":{"start":{"line":17,"column":8},"end":{"line":27,"column":9}},"8":{"start":{"line":19,"column":32},"end":{"line":19,"column":71}},"9":{"start":{"line":20,"column":12},"end":{"line":24,"column":13}},"10":{"start":{"line":21,"column":33},"end":{"line":21,"column":69}},"11":{"start":{"line":22,"column":16},"end":{"line":22,"column":61}},"12":{"start":{"line":22,"column":30},"end":{"line":22,"column":61}},"13":{"start":{"line":23,"column":16},"end":{"line":23,"column":30}},"14":{"start":{"line":26,"column":12},"end":{"line":26,"column":39}},"15":{"start":{"line":29,"column":4},"end":{"line":100,"column":6}},"16":{"start":{"line":78,"column":36},"end":{"line":81,"column":75}}},"fnMap":{"0":{"name":"(anonymous_0)","decl":{"start":{"line":8,"column":15},"end":{"line":8,"column":16}},"loc":{"start":{"line":8,"column":21},"end":{"line":101,"column":1}},"line":8},"1":{"name":"(anonymous_1)","decl":{"start":{"line":15,"column":25},"end":{"line":15,"column":26}},"loc":{"start":{"line":15,"column":41},"end":{"line":28,"column":5}},"line":15},"2":{"name":"(anonymous_2)","decl":{"start":{"line":77,"column":46},"end":{"line":77,"column":47}},"loc":{"start":{"line":78,"column":36},"end":{"line":81,"column":75}},"line":78}},"branchMap":{"0":{"loc":{"start":{"line":20,"column":12},"end":{"line":24,"column":13}},"type":"if","locations":[{"start":{"line":20,"column":12},"end":{"line":24,"column":13}},{"start":{},"end":{}}],"line":20},"1":{"loc":{"start":{"line":22,"column":16},"end":{"line":22,"column":61}},"type":"if","locations":[{"start":{"line":22,"column":16},"end":{"line":22,"column":61}},{"start":{},"end":{}}],"line":22},"2":{"loc":{"start":{"line":52,"column":17},"end":{"line":54,"column":17}},"type":"binary-expr","locations":[{"start":{"line":52,"column":17},"end":{"line":52,"column":25}},{"start":{"line":53,"column":20},"end":{"line":53,"column":79}}],"line":52},"3":{"loc":{"start":{"line":78,"column":36},"end":{"line":81,"column":75}},"type":"binary-expr","locations":[{"start":{"line":78,"column":36},"end":{"line":80,"column":37}},{"start":{"line":81,"column":36},"end":{"line":81,"column":75}}],"line":78}},"s":{"0":1,"1":0,"2":0,"3":0,"4":0,"5":0,"6":0,"7":0,"8":0,"9":0,"10":0,"11":0,"12":0,"13":0,"14":0,"15":0,"16":0},"f":{"0":0,"1":0,"2":0},"b":{"0":[0,0],"1":[0,0],"2":[0,0],"3":[0,0]},"_coverageSchema":"1a1c01bbd47fc00a2c39e90264f33305004495a9","hash":"cd2210c818a28ea2e08f9058e0f40307b5ef6d5b"}
,"/home/olifck/Documents/Dev/devblog/src/components/index.js": {"path":"/home/olifck/Documents/Dev/devblog/src/components/index.js","statementMap":{},"fnMap":{},"branchMap":{},"s":{},"f":{},"b":{},"_coverageSchema":"1a1c01bbd47fc00a2c39e90264f33305004495a9","hash":"29c1edd9c6f30e0a32670cad5cd76951532a2d0b"}
,"/home/olifck/Documents/Dev/devblog/src/components/Footer/Footer.jsx": {"path":"/home/olifck/Documents/Dev/devblog/src/components/Footer/Footer.jsx","statementMap":{"0":{"start":{"line":5,"column":4},"end":{"line":144,"column":6}}},"fnMap":{"0":{"name":"Footer","decl":{"start":{"line":4,"column":9},"end":{"line":4,"column":15}},"loc":{"start":{"line":4,"column":18},"end":{"line":145,"column":1}},"line":4}},"branchMap":{},"s":{"0":1},"f":{"0":1},"b":{},"_coverageSchema":"1a1c01bbd47fc00a2c39e90264f33305004495a9","hash":"0687909a431b493c225cfd68d2128367c5ebace1"}
,"/home/olifck/Documents/Dev/devblog/src/components/Header/Header.jsx": {"path":"/home/olifck/Documents/Dev/devblog/src/components/Header/Header.jsx","statementMap":{"0":{"start":{"line":18,"column":23},"end":{"line":18,"column":64}},"1":{"start":{"line":18,"column":46},"end":{"line":18,"column":63}},"2":{"start":{"line":19,"column":21},"end":{"line":19,"column":64}},"3":{"start":{"line":19,"column":44},"end":{"line":19,"column":63}},"4":{"start":{"line":20,"column":23},"end":{"line":71,"column":5}},"5":{"start":{"line":72,"column":4},"end":{"line":72,"column":36}},"6":{"start":{"line":74,"column":4},"end":{"line":167,"column":6}},"7":{"start":{"line":102,"column":40},"end":{"line":119,"column":41}},"8":{"start":{"line":151,"column":28},"end":{"line":162,"column":29}}},"fnMap":{"0":{"name":"Header","decl":{"start":{"line":17,"column":24},"end":{"line":17,"column":30}},"loc":{"start":{"line":17,"column":33},"end":{"line":168,"column":1}},"line":17},"1":{"name":"(anonymous_1)","decl":{"start":{"line":18,"column":35},"end":{"line":18,"column":36}},"loc":{"start":{"line":18,"column":46},"end":{"line":18,"column":63}},"line":18},"2":{"name":"(anonymous_2)","decl":{"start":{"line":19,"column":33},"end":{"line":19,"column":34}},"loc":{"start":{"line":19,"column":44},"end":{"line":19,"column":63}},"line":19},"3":{"name":"(anonymous_3)","decl":{"start":{"line":72,"column":14},"end":{"line":72,"column":15}},"loc":{"start":{"line":72,"column":20},"end":{"line":72,"column":22}},"line":72},"4":{"name":"(anonymous_4)","decl":{"start":{"line":101,"column":36},"end":{"line":101,"column":37}},"loc":{"start":{"line":102,"column":40},"end":{"line":119,"column":41}},"line":102},"5":{"name":"(anonymous_5)","decl":{"start":{"line":150,"column":24},"end":{"line":150,"column":25}},"loc":{"start":{"line":151,"column":28},"end":{"line":162,"column":29}},"line":151}},"branchMap":{"0":{"loc":{"start":{"line":102,"column":40},"end":{"line":119,"column":41}},"type":"binary-expr","locations":[{"start":{"line":102,"column":40},"end":{"line":102,"column":51}},{"start":{"line":103,"column":44},"end":{"line":118,"column":51}}],"line":102},"1":{"loc":{"start":{"line":111,"column":53},"end":{"line":115,"column":53}},"type":"binary-expr","locations":[{"start":{"line":111,"column":53},"end":{"line":111,"column":63}},{"start":{"line":112,"column":56},"end":{"line":114,"column":63}}],"line":111},"2":{"loc":{"start":{"line":124,"column":21},"end":{"line":143,"column":21}},"type":"binary-expr","locations":[{"start":{"line":124,"column":21},"end":{"line":124,"column":31}},{"start":{"line":124,"column":35},"end":{"line":124,"column":49}},{"start":{"line":125,"column":24},"end":{"line":142,"column":30}}],"line":124},"3":{"loc":{"start":{"line":151,"column":28},"end":{"line":162,"column":29}},"type":"binary-expr","locations":[{"start":{"line":151,"column":28},"end":{"line":151,"column":39}},{"start":{"line":152,"column":32},"end":{"line":161,"column":51}}],"line":151}},"s":{"0":0,"1":0,"2":0,"3":0,"4":0,"5":0,"6":0,"7":0,"8":0},"f":{"0":0,"1":0,"2":0,"3":0,"4":0,"5":0},"b":{"0":[0,0],"1":[0,0],"2":[0,0,0],"3":[0,0]},"_coverageSchema":"1a1c01bbd47fc00a2c39e90264f33305004495a9","hash":"8a115c183db30969c469f0bf3e236fbc674d704e"}
,"/home/olifck/Documents/Dev/devblog/src/components/Header/LogoutBtn.jsx": {"path":"/home/olifck/Documents/Dev/devblog/src/components/Header/LogoutBtn.jsx","statementMap":{"0":{"start":{"line":6,"column":18},"end":{"line":23,"column":2}},"1":{"start":{"line":7,"column":21},"end":{"line":7,"column":34}},"2":{"start":{"line":8,"column":21},"end":{"line":8,"column":34}},"3":{"start":{"line":9,"column":26},"end":{"line":14,"column":5}},"4":{"start":{"line":10,"column":8},"end":{"line":13,"column":11}},"5":{"start":{"line":11,"column":12},"end":{"line":11,"column":36}},"6":{"start":{"line":12,"column":12},"end":{"line":12,"column":26}},"7":{"start":{"line":15,"column":4},"end":{"line":22,"column":6}}},"fnMap":{"0":{"name":"(anonymous_0)","decl":{"start":{"line":6,"column":29},"end":{"line":6,"column":30}},"loc":{"start":{"line":6,"column":35},"end":{"line":23,"column":1}},"line":6},"1":{"name":"(anonymous_1)","decl":{"start":{"line":9,"column":26},"end":{"line":9,"column":27}},"loc":{"start":{"line":9,"column":32},"end":{"line":14,"column":5}},"line":9},"2":{"name":"(anonymous_2)","decl":{"start":{"line":10,"column":42},"end":{"line":10,"column":43}},"loc":{"start":{"line":10,"column":48},"end":{"line":13,"column":9}},"line":10}},"branchMap":{},"s":{"0":1,"1":0,"2":0,"3":0,"4":0,"5":0,"6":0,"7":0},"f":{"0":0,"1":0,"2":0},"b":{},"_coverageSchema":"1a1c01bbd47fc00a2c39e90264f33305004495a9","hash":"8b57c5d9bf2ad89a9e147b75cc2f77652ae0fe3d"}
,"/home/olifck/Documents/Dev/devblog/src/components/Shimmer/Loader.jsx": {"path":"/home/olifck/Documents/Dev/devblog/src/components/Shimmer/Loader.jsx","statementMap":{"0":{"start":{"line":1,"column":15},"end":{"line":11,"column":1}},"1":{"start":{"line":2,"column":4},"end":{"line":10,"column":6}}},"fnMap":{"0":{"name":"(anonymous_0)","decl":{"start":{"line":1,"column":15},"end":{"line":1,"column":16}},"loc":{"start":{"line":1,"column":21},"end":{"line":11,"column":1}},"line":1}},"branchMap":{},"s":{"0":1,"1":0},"f":{"0":0},"b":{},"_coverageSchema":"1a1c01bbd47fc00a2c39e90264f33305004495a9","hash":"532ebf87b7bb2a77cea88cb469e27175b324b569"}
,"/home/olifck/Documents/Dev/devblog/src/components/Shimmer/ShimmerPostCard.jsx": {"path":"/home/olifck/Documents/Dev/devblog/src/components/Shimmer/ShimmerPostCard.jsx","statementMap":{"0":{"start":{"line":1,"column":24},"end":{"line":24,"column":1}},"1":{"start":{"line":2,"column":4},"end":{"line":23,"column":6}}},"fnMap":{"0":{"name":"(anonymous_0)","decl":{"start":{"line":1,"column":24},"end":{"line":1,"column":25}},"loc":{"start":{"line":1,"column":30},"end":{"line":24,"column":1}},"line":1}},"branchMap":{},"s":{"0":1,"1":0},"f":{"0":0},"b":{},"_coverageSchema":"1a1c01bbd47fc00a2c39e90264f33305004495a9","hash":"c41b505fb8039d95955a6d5a7ac3c410c52bed4f"}
,"/home/olifck/Documents/Dev/devblog/src/components/container/Container.jsx": {"path":"/home/olifck/Documents/Dev/devblog/src/components/container/Container.jsx","statementMap":{"0":{"start":{"line":1,"column":18},"end":{"line":9,"column":1}},"1":{"start":{"line":2,"column":4},"end":{"line":8,"column":6}}},"fnMap":{"0":{"name":"(anonymous_0)","decl":{"start":{"line":1,"column":18},"end":{"line":1,"column":19}},"loc":{"start":{"line":1,"column":36},"end":{"line":9,"column":1}},"line":1}},"branchMap":{},"s":{"0":1,"1":0},"f":{"0":0},"b":{},"_coverageSchema":"1a1c01bbd47fc00a2c39e90264f33305004495a9","hash":"b3811ccee15514cf1ce15c0713122cd347decdbb"}
,"/home/olifck/Documents/Dev/devblog/src/components/post-form/CoverImageUpload.jsx": {"path":"/home/olifck/Documents/Dev/devblog/src/components/post-form/CoverImageUpload.jsx","statementMap":{"0":{"start":{"line":3,"column":25},"end":{"line":44,"column":1}},"1":{"start":{"line":4,"column":34},"end":{"line":4,"column":48}},"2":{"start":{"line":5,"column":25},"end":{"line":5,"column":37}},"3":{"start":{"line":7,"column":29},"end":{"line":13,"column":5}},"4":{"start":{"line":8,"column":21},"end":{"line":8,"column":42}},"5":{"start":{"line":9,"column":8},"end":{"line":12,"column":9}},"6":{"start":{"line":10,"column":12},"end":{"line":10,"column":50}},"7":{"start":{"line":11,"column":12},"end":{"line":11,"column":31}},"8":{"start":{"line":15,"column":24},"end":{"line":17,"column":5}},"9":{"start":{"line":16,"column":8},"end":{"line":16,"column":37}},"10":{"start":{"line":19,"column":4},"end":{"line":43,"column":6}}},"fnMap":{"0":{"name":"(anonymous_0)","decl":{"start":{"line":3,"column":25},"end":{"line":3,"column":26}},"loc":{"start":{"line":3,"column":56},"end":{"line":44,"column":1}},"line":3},"1":{"name":"(anonymous_1)","decl":{"start":{"line":7,"column":29},"end":{"line":7,"column":30}},"loc":{"start":{"line":7,"column":40},"end":{"line":13,"column":5}},"line":7},"2":{"name":"(anonymous_2)","decl":{"start":{"line":15,"column":24},"end":{"line":15,"column":25}},"loc":{"start":{"line":15,"column":30},"end":{"line":17,"column":5}},"line":15}},"branchMap":{"0":{"loc":{"start":{"line":9,"column":8},"end":{"line":12,"column":9}},"type":"if","locations":[{"start":{"line":9,"column":8},"end":{"line":12,"column":9}},{"start":{},"end":{}}],"line":9},"1":{"loc":{"start":{"line":35,"column":13},"end":{"line":41,"column":13}},"type":"binary-expr","locations":[{"start":{"line":35,"column":13},"end":{"line":35,"column":20}},{"start":{"line":35,"column":24},"end":{"line":35,"column":32}},{"start":{"line":36,"column":16},"end":{"line":40,"column":18}}],"line":35}},"s":{"0":1,"1":0,"2":0,"3":0,"4":0,"5":0,"6":0,"7":0,"8":0,"9":0,"10":0},"f":{"0":0,"1":0,"2":0},"b":{"0":[0,0],"1":[0,0,0]},"_coverageSchema":"1a1c01bbd47fc00a2c39e90264f33305004495a9","hash":"aaf80a43a48018bc2a86e82eb6b266ead17dca10"}
,"/home/olifck/Documents/Dev/devblog/src/components/post-form/PostForm.jsx": {"path":"/home/olifck/Documents/Dev/devblog/src/components/post-form/PostForm.jsx","statementMap":{"0":{"start":{"line":8,"column":17},"end":{"line":159,"column":1}},"1":{"start":{"line":9,"column":21},"end":{"line":9,"column":64}},"2":{"start":{"line":9,"column":44},"end":{"line":9,"column":63}},"3":{"start":{"line":11,"column":21},"end":{"line":11,"column":34}},"4":{"start":{"line":13,"column":8},"end":{"line":20,"column":10}},"5":{"start":{"line":23,"column":23},"end":{"line":57,"column":5}},"6":{"start":{"line":25,"column":8},"end":{"line":56,"column":9}},"7":{"start":{"line":27,"column":30},"end":{"line":29,"column":22}},"8":{"start":{"line":31,"column":12},"end":{"line":33,"column":13}},"9":{"start":{"line":32,"column":16},"end":{"line":32,"column":74}},"10":{"start":{"line":34,"column":31},"end":{"line":37,"column":14}},"11":{"start":{"line":38,"column":12},"end":{"line":39,"column":71}},"12":{"start":{"line":39,"column":16},"end":{"line":39,"column":71}},"13":{"start":{"line":43,"column":30},"end":{"line":45,"column":13}},"14":{"start":{"line":46,"column":12},"end":{"line":55,"column":13}},"15":{"start":{"line":47,"column":34},"end":{"line":52,"column":18}},"16":{"start":{"line":53,"column":16},"end":{"line":54,"column":73}},"17":{"start":{"line":54,"column":20},"end":{"line":54,"column":73}},"18":{"start":{"line":59,"column":26},"end":{"line":67,"column":10}},"19":{"start":{"line":60,"column":8},"end":{"line":66,"column":25}},"20":{"start":{"line":62,"column":12},"end":{"line":65,"column":47}},"21":{"start":{"line":66,"column":15},"end":{"line":66,"column":25}},"22":{"start":{"line":69,"column":4},"end":{"line":83,"column":41}},"23":{"start":{"line":72,"column":29},"end":{"line":78,"column":10}},"24":{"start":{"line":73,"column":12},"end":{"line":77,"column":13}},"25":{"start":{"line":74,"column":16},"end":{"line":76,"column":19}},"26":{"start":{"line":80,"column":8},"end":{"line":82,"column":10}},"27":{"start":{"line":81,"column":12},"end":{"line":81,"column":39}},"28":{"start":{"line":85,"column":4},"end":{"line":158,"column":6}},"29":{"start":{"line":103,"column":24},"end":{"line":105,"column":27}}},"fnMap":{"0":{"name":"(anonymous_0)","decl":{"start":{"line":8,"column":17},"end":{"line":8,"column":18}},"loc":{"start":{"line":8,"column":31},"end":{"line":159,"column":1}},"line":8},"1":{"name":"(anonymous_1)","decl":{"start":{"line":9,"column":33},"end":{"line":9,"column":34}},"loc":{"start":{"line":9,"column":44},"end":{"line":9,"column":63}},"line":9},"2":{"name":"(anonymous_2)","decl":{"start":{"line":23,"column":23},"end":{"line":23,"column":24}},"loc":{"start":{"line":23,"column":39},"end":{"line":57,"column":5}},"line":23},"3":{"name":"(anonymous_3)","decl":{"start":{"line":59,"column":38},"end":{"line":59,"column":39}},"loc":{"start":{"line":59,"column":49},"end":{"line":67,"column":5}},"line":59},"4":{"name":"(anonymous_4)","decl":{"start":{"line":69,"column":14},"end":{"line":69,"column":15}},"loc":{"start":{"line":69,"column":20},"end":{"line":83,"column":5}},"line":69},"5":{"name":"(anonymous_5)","decl":{"start":{"line":72,"column":35},"end":{"line":72,"column":36}},"loc":{"start":{"line":72,"column":56},"end":{"line":78,"column":9}},"line":72},"6":{"name":"(anonymous_6)","decl":{"start":{"line":80,"column":15},"end":{"line":80,"column":16}},"loc":{"start":{"line":80,"column":21},"end":{"line":82,"column":9}},"line":80},"7":{"name":"(anonymous_7)","decl":{"start":{"line":102,"column":29},"end":{"line":102,"column":30}},"loc":{"start":{"line":102,"column":36},"end":{"line":106,"column":21}},"line":102}},"branchMap":{"0":{"loc":{"start":{"line":15,"column":23},"end":{"line":15,"column":40}},"type":"binary-expr","locations":[{"start":{"line":15,"column":23},"end":{"line":15,"column":34}},{"start":{"line":15,"column":38},"end":{"line":15,"column":40}}],"line":15},"1":{"loc":{"start":{"line":16,"column":22},"end":{"line":16,"column":38}},"type":"binary-expr","locations":[{"start":{"line":16,"column":22},"end":{"line":16,"column":32}},{"start":{"line":16,"column":36},"end":{"line":16,"column":38}}],"line":16},"2":{"loc":{"start":{"line":17,"column":25},"end":{"line":17,"column":44}},"type":"binary-expr","locations":[{"start":{"line":17,"column":25},"end":{"line":17,"column":38}},{"start":{"line":17,"column":42},"end":{"line":17,"column":44}}],"line":17},"3":{"loc":{"start":{"line":18,"column":24},"end":{"line":18,"column":42}},"type":"binary-expr","locations":[{"start":{"line":18,"column":24},"end":{"line":18,"column":36}},{"start":{"line":18,"column":40},"end":{"line":18,"column":42}}],"line":18},"4":{"loc":{"start":{"line":25,"column":8},"end":{"line":56,"column":9}},"type":"if","locations":[{"start":{"line":25,"column":8},"end":{"line":56,"column":9}},{"start":{"line":40,"column":15},"end":{"line":56,"column":9}}],"line":25},"5":{"loc":{"start":{"line":27,"column":30},"end":{"line":29,"column":22}},"type":"cond-expr","locations":[{"start":{"line":28,"column":18},"end":{"line":28,"column":69}},{"start":{"line":29,"column":18},"end":{"line":29,"column":22}}],"line":27},"6":{"loc":{"start":{"line":31,"column":12},"end":{"line":33,"column":13}},"type":"if","locations":[{"start":{"line":31,"column":12},"end":{"line":33,"column":13}},{"start":{},"end":{}}],"line":31},"7":{"loc":{"start":{"line":36,"column":31},"end":{"line":36,"column":68}},"type":"cond-expr","locations":[{"start":{"line":36,"column":43},"end":{"line":36,"column":56}},{"start":{"line":36,"column":59},"end":{"line":36,"column":68}}],"line":36},"8":{"loc":{"start":{"line":38,"column":12},"end":{"line":39,"column":71}},"type":"if","locations":[{"start":{"line":38,"column":12},"end":{"line":39,"column":71}},{"start":{},"end":{}}],"line":38},"9":{"loc":{"start":{"line":46,"column":12},"end":{"line":55,"column":13}},"type":"if","locations":[{"start":{"line":46,"column":12},"end":{"line":55,"column":13}},{"start":{},"end":{}}],"line":46},"10":{"loc":{"start":{"line":53,"column":16},"end":{"line":54,"column":73}},"type":"if","locations":[{"start":{"line":53,"column":16},"end":{"line":54,"column":73}},{"start":{},"end":{}}],"line":53},"11":{"loc":{"start":{"line":60,"column":8},"end":{"line":66,"column":25}},"type":"if","locations":[{"start":{"line":60,"column":8},"end":{"line":66,"column":25}},{"start":{"line":66,"column":15},"end":{"line":66,"column":25}}],"line":60},"12":{"loc":{"start":{"line":60,"column":12},"end":{"line":60,"column":46}},"type":"binary-expr","locations":[{"start":{"line":60,"column":12},"end":{"line":60,"column":17}},{"start":{"line":60,"column":21},"end":{"line":60,"column":46}}],"line":60},"13":{"loc":{"start":{"line":73,"column":12},"end":{"line":77,"column":13}},"type":"if","locations":[{"start":{"line":73,"column":12},"end":{"line":77,"column":13}},{"start":{},"end":{}}],"line":73},"14":{"loc":{"start":{"line":125,"column":17},"end":{"line":141,"column":17}},"type":"binary-expr","locations":[{"start":{"line":125,"column":17},"end":{"line":125,"column":21}},{"start":{"line":126,"column":20},"end":{"line":140,"column":26}}],"line":125},"15":{"loc":{"start":{"line":151,"column":29},"end":{"line":151,"column":62}},"type":"cond-expr","locations":[{"start":{"line":151,"column":36},"end":{"line":151,"column":45}},{"start":{"line":151,"column":48},"end":{"line":151,"column":62}}],"line":151},"16":{"loc":{"start":{"line":154,"column":21},"end":{"line":154,"column":48}},"type":"cond-expr","locations":[{"start":{"line":154,"column":28},"end":{"line":154,"column":36}},{"start":{"line":154,"column":39},"end":{"line":154,"column":48}}],"line":154}},"s":{"0":1,"1":0,"2":0,"3":0,"4":0,"5":0,"6":0,"7":0,"8":0,"9":0,"10":0,"11":0,"12":0,"13":0,"14":0,"15":0,"16":0,"17":0,"18":0,"19":0,"20":0,"21":0,"22":0,"23":0,"24":0,"25":0,"26":0,"27":0,"28":0,"29":0},"f":{"0":0,"1":0,"2":0,"3":0,"4":0,"5":0,"6":0,"7":0},"b":{"0":[0,0],"1":[0,0],"2":[0,0],"3":[0,0],"4":[0,0],"5":[0,0],"6":[0,0],"7":[0,0],"8":[0,0],"9":[0,0],"10":[0,0],"11":[0,0],"12":[0,0],"13":[0,0],"14":[0,0],"15":[0,0],"16":[0,0]},"_coverageSchema":"1a1c01bbd47fc00a2c39e90264f33305004495a9","hash":"a85a757d17dad3bbe8db14018e8908881df9d05a"}
,"/home/olifck/Documents/Dev/devblog/src/conf/conf.js": {"path":"/home/olifck/Documents/Dev/devblog/src/conf/conf.js","statementMap":{"0":{"start":{"line":1,"column":13},"end":{"line":10,"column":1}}},"fnMap":{},"branchMap":{},"s":{"0":1},"f":{},"b":{},"_coverageSchema":"1a1c01bbd47fc00a2c39e90264f33305004495a9","hash":"46c91ceef22b164a35241e474fa3faaca0075307"}
,"/home/olifck/Documents/Dev/devblog/src/conf/helper.js": {"path":"/home/olifck/Documents/Dev/devblog/src/conf/helper.js","statementMap":{"0":{"start":{"line":4,"column":22},"end":{"line":10,"column":6}},"1":{"start":{"line":5,"column":4},"end":{"line":10,"column":6}},"2":{"start":{"line":12,"column":26},"end":{"line":15,"column":1}},"3":{"start":{"line":13,"column":17},"end":{"line":13,"column":37}},"4":{"start":{"line":14,"column":4},"end":{"line":14,"column":31}},"5":{"start":{"line":17,"column":16},"end":{"line":21,"column":1}},"6":{"start":{"line":22,"column":26},"end":{"line":28,"column":1}},"7":{"start":{"line":23,"column":17},"end":{"line":23,"column":45}},"8":{"start":{"line":24,"column":16},"end":{"line":24,"column":19}},"9":{"start":{"line":25,"column":18},"end":{"line":25,"column":49}},"10":{"start":{"line":26,"column":17},"end":{"line":26,"column":39}},"11":{"start":{"line":27,"column":4},"end":{"line":27,"column":57}},"12":{"start":{"line":31,"column":4},"end":{"line":33,"column":5}},"13":{"start":{"line":32,"column":8},"end":{"line":32,"column":21}},"14":{"start":{"line":34,"column":4},"end":{"line":38,"column":5}},"15":{"start":{"line":34,"column":17},"end":{"line":34,"column":18}},"16":{"start":{"line":35,"column":8},"end":{"line":37,"column":9}},"17":{"start":{"line":36,"column":12},"end":{"line":36,"column":25}},"18":{"start":{"line":39,"column":4},"end":{"line":39,"column":16}},"19":{"start":{"line":44,"column":16},"end":{"line":44,"column":17}},"20":{"start":{"line":45,"column":14},"end":{"line":45,"column":15}},"21":{"start":{"line":46,"column":4},"end":{"line":51,"column":5}},"22":{"start":{"line":47,"column":8},"end":{"line":49,"column":9}},"23":{"start":{"line":48,"column":12},"end":{"line":48,"column":20}},"24":{"start":{"line":50,"column":8},"end":{"line":50,"column":14}},"25":{"start":{"line":52,"column":4},"end":{"line":52,"column":19}}},"fnMap":{"0":{"name":"(anonymous_0)","decl":{"start":{"line":4,"column":22},"end":{"line":4,"column":23}},"loc":{"start":{"line":5,"column":4},"end":{"line":10,"column":6}},"line":5},"1":{"name":"(anonymous_1)","decl":{"start":{"line":12,"column":26},"end":{"line":12,"column":27}},"loc":{"start":{"line":12,"column":42},"end":{"line":15,"column":1}},"line":12},"2":{"name":"(anonymous_2)","decl":{"start":{"line":22,"column":26},"end":{"line":22,"column":27}},"loc":{"start":{"line":22,"column":39},"end":{"line":28,"column":1}},"line":22},"3":{"name":"isPrime","decl":{"start":{"line":30,"column":9},"end":{"line":30,"column":16}},"loc":{"start":{"line":30,"column":22},"end":{"line":40,"column":1}},"line":30},"4":{"name":"findNthPrime","decl":{"start":{"line":43,"column":16},"end":{"line":43,"column":28}},"loc":{"start":{"line":43,"column":32},"end":{"line":53,"column":1}},"line":43}},"branchMap":{"0":{"loc":{"start":{"line":27,"column":11},"end":{"line":27,"column":56}},"type":"cond-expr","locations":[{"start":{"line":27,"column":22},"end":{"line":27,"column":40}},{"start":{"line":27,"column":43},"end":{"line":27,"column":56}}],"line":27},"1":{"loc":{"start":{"line":31,"column":4},"end":{"line":33,"column":5}},"type":"if","locations":[{"start":{"line":31,"column":4},"end":{"line":33,"column":5}},{"start":{},"end":{}}],"line":31},"2":{"loc":{"start":{"line":35,"column":8},"end":{"line":37,"column":9}},"type":"if","locations":[{"start":{"line":35,"column":8},"end":{"line":37,"column":9}},{"start":{},"end":{}}],"line":35},"3":{"loc":{"start":{"line":47,"column":8},"end":{"line":49,"column":9}},"type":"if","locations":[{"start":{"line":47,"column":8},"end":{"line":49,"column":9}},{"start":{},"end":{}}],"line":47}},"s":{"0":1,"1":0,"2":1,"3":0,"4":0,"5":1,"6":1,"7":0,"8":0,"9":0,"10":0,"11":0,"12":0,"13":0,"14":0,"15":0,"16":0,"17":0,"18":0,"19":0,"20":0,"21":0,"22":0,"23":0,"24":0,"25":0},"f":{"0":0,"1":0,"2":0,"3":0,"4":0},"b":{"0":[0,0],"1":[0,0],"2":[0,0],"3":[0,0]},"_coverageSchema":"1a1c01bbd47fc00a2c39e90264f33305004495a9","hash":"53d823128eb2752c3a93d63b96da0dbd75e51ef6"}
,"/home/olifck/Documents/Dev/devblog/src/store/authSlice.js": {"path":"/home/olifck/Documents/Dev/devblog/src/store/authSlice.js","statementMap":{"0":{"start":{"line":2,"column":21},"end":{"line":5,"column":1}},"1":{"start":{"line":6,"column":18},"end":{"line":19,"column":2}},"2":{"start":{"line":11,"column":12},"end":{"line":11,"column":44}},"3":{"start":{"line":12,"column":12},"end":{"line":12,"column":32}},"4":{"start":{"line":15,"column":12},"end":{"line":15,"column":34}},"5":{"start":{"line":16,"column":12},"end":{"line":16,"column":33}},"6":{"start":{"line":21,"column":33},"end":{"line":21,"column":50}}},"fnMap":{"0":{"name":"(anonymous_0)","decl":{"start":{"line":10,"column":15},"end":{"line":10,"column":16}},"loc":{"start":{"line":10,"column":34},"end":{"line":13,"column":9}},"line":10},"1":{"name":"(anonymous_1)","decl":{"start":{"line":14,"column":16},"end":{"line":14,"column":17}},"loc":{"start":{"line":14,"column":27},"end":{"line":17,"column":9}},"line":14}},"branchMap":{},"s":{"0":1,"1":1,"2":0,"3":0,"4":0,"5":0,"6":1},"f":{"0":0,"1":0},"b":{},"_coverageSchema":"1a1c01bbd47fc00a2c39e90264f33305004495a9","hash":"366c2781c4d49d78993aadeb9a6595d1267b81fa"}
}
