TN:
SF:src/appwrite/auth.js
FN:6,(anonymous_0)
FN:13,(anonymous_1)
FN:32,(anonymous_2)
FN:45,(anonymous_3)
FN:55,(anonymous_4)
FNF:5
FNH:1
FNDA:1,(anonymous_0)
FNDA:0,(anonymous_1)
FNDA:0,(anonymous_2)
FNDA:0,(anonymous_3)
FNDA:0,(anonymous_4)
DA:4,1
DA:7,1
DA:10,1
DA:14,0
DA:15,0
DA:21,0
DA:23,0
DA:25,0
DA:28,0
DA:33,0
DA:34,0
DA:39,0
DA:41,0
DA:46,0
DA:47,0
DA:49,0
DA:52,0
DA:56,0
DA:57,0
DA:58,0
DA:59,0
DA:61,0
DA:66,1
LF:23
LH:4
BRDA:21,0,0,0
BRDA:21,0,1,0
BRF:2
BRH:0
end_of_record
TN:
SF:src/appwrite/file.js
FN:8,(anonymous_0)
FN:18,(anonymous_1)
FN:29,(anonymous_2)
FN:39,(anonymous_3)
FNF:4
FNH:1
FNDA:1,(anonymous_0)
FNDA:0,(anonymous_1)
FNDA:0,(anonymous_2)
FNDA:0,(anonymous_3)
DA:5,1
DA:9,1
DA:13,1
DA:19,0
DA:20,0
DA:26,0
DA:30,0
DA:31,0
DA:32,0
DA:34,0
DA:35,0
DA:40,0
DA:41,0
DA:50,0
DA:55,1
LF:15
LH:4
BRDA:39,0,0,0
BRDA:39,1,0,0
BRDA:39,2,0,0
BRDA:39,3,0,0
BRF:4
BRH:0
end_of_record
TN:
SF:src/appwrite/post.js
FN:9,(anonymous_0)
FN:17,(anonymous_1)
FN:50,(anonymous_2)
FN:68,(anonymous_3)
FN:91,(anonymous_4)
FN:108,(anonymous_5)
FN:126,(anonymous_6)
FN:141,(anonymous_7)
FN:153,(anonymous_8)
FN:166,(anonymous_9)
FN:183,(anonymous_10)
FNF:11
FNH:1
FNDA:1,(anonymous_0)
FNDA:0,(anonymous_1)
FNDA:0,(anonymous_2)
FNDA:0,(anonymous_3)
FNDA:0,(anonymous_4)
FNDA:0,(anonymous_5)
FNDA:0,(anonymous_6)
FNDA:0,(anonymous_7)
FNDA:0,(anonymous_8)
FNDA:0,(anonymous_9)
FNDA:0,(anonymous_10)
DA:6,1
DA:10,1
DA:14,1
DA:26,0
DA:27,0
DA:28,0
DA:42,0
DA:43,0
DA:46,0
DA:51,0
DA:52,0
DA:59,0
DA:69,0
DA:70,0
DA:82,0
DA:83,0
DA:85,0
DA:87,0
DA:92,0
DA:93,0
DA:100,0
DA:109,0
DA:110,0
DA:115,0
DA:116,0
DA:119,0
DA:121,0
DA:122,0
DA:127,0
DA:128,0
DA:134,0
DA:142,0
DA:143,0
DA:149,0
DA:150,0
DA:154,0
DA:155,0
DA:161,0
DA:162,0
DA:167,0
DA:168,0
DA:174,0
DA:176,0
DA:180,0
DA:184,0
DA:185,0
DA:186,0
DA:192,0
DA:194,0
DA:198,0
DA:203,1
LF:51
LH:4
BRDA:42,0,0,0
BRDA:42,0,1,0
BRDA:82,1,0,0
BRDA:82,1,1,0
BRDA:115,2,0,0
BRDA:115,2,1,0
BRDA:166,3,0,0
BRF:7
BRH:0
end_of_record
TN:
SF:src/components/AuthLayout.jsx
FN:4,AuthLayout
FN:9,(anonymous_1)
FN:10,(anonymous_2)
FNF:3
FNH:0
FNDA:0,AuthLayout
FNDA:0,(anonymous_1)
FNDA:0,(anonymous_2)
DA:5,0
DA:6,0
DA:8,0
DA:9,0
DA:10,0
DA:11,0
DA:12,0
DA:13,0
DA:14,0
DA:16,0
DA:19,0
DA:21,0
LF:12
LH:0
BRDA:4,0,0,0
BRDA:11,1,0,0
BRDA:11,1,1,0
BRDA:11,2,0,0
BRDA:11,2,1,0
BRDA:13,3,0,0
BRDA:13,3,1,0
BRDA:13,4,0,0
BRDA:13,4,1,0
BRDA:14,5,0,0
BRDA:14,5,1,0
BRDA:21,6,0,0
BRDA:21,6,1,0
BRF:13
BRH:0
end_of_record
TN:
SF:src/components/Avatar.jsx
FN:1,(anonymous_0)
FNF:1
FNH:0
FNDA:0,(anonymous_0)
DA:1,1
DA:2,0
DA:5,0
DA:8,0
LF:4
LH:1
BRDA:5,0,0,0
BRDA:5,0,1,0
BRF:2
BRH:0
end_of_record
TN:
SF:src/components/Button.jsx
FN:1,(anonymous_0)
FNF:1
FNH:0
FNDA:0,(anonymous_0)
DA:1,1
DA:9,0
LF:2
LH:1
BRDA:3,0,0,0
BRDA:4,1,0,0
BRDA:5,2,0,0
BRDA:6,3,0,0
BRF:4
BRH:0
end_of_record
TN:
SF:src/components/ErrorPage.jsx
FN:3,(anonymous_0)
FNF:1
FNH:0
FNDA:0,(anonymous_0)
DA:3,1
DA:4,0
LF:2
LH:1
BRF:0
BRH:0
end_of_record
TN:
SF:src/components/Hero.jsx
FN:4,(anonymous_0)
FNF:1
FNH:0
FNDA:0,(anonymous_0)
DA:4,1
DA:5,0
LF:2
LH:1
BRF:0
BRH:0
end_of_record
TN:
SF:src/components/ImageLoader.jsx
FN:4,(anonymous_0)
FN:8,(anonymous_1)
FN:13,(anonymous_2)
FN:17,(anonymous_3)
FNF:4
FNH:0
FNDA:0,(anonymous_0)
FNDA:0,(anonymous_1)
FNDA:0,(anonymous_2)
FNDA:0,(anonymous_3)
DA:4,1
DA:5,0
DA:6,0
DA:8,0
DA:9,0
DA:10,0
DA:13,0
DA:14,0
DA:15,0
DA:17,0
DA:18,0
DA:27,0
LF:12
LH:1
BRDA:29,0,0,0
BRDA:29,0,1,0
BRDA:29,0,2,0
BRDA:40,1,0,0
BRDA:40,1,1,0
BRDA:50,2,0,0
BRDA:50,2,1,0
BRF:7
BRH:0
end_of_record
TN:
SF:src/components/Input.jsx
FN:4,(anonymous_0)
FNF:1
FNH:0
FNDA:0,(anonymous_0)
DA:3,1
DA:5,0
DA:6,0
LF:3
LH:1
BRDA:4,0,0,0
BRDA:4,1,0,0
BRDA:8,2,0,0
BRDA:8,2,1,0
BRF:4
BRH:0
end_of_record
TN:
SF:src/components/Login.jsx
FN:9,Login
FN:17,(anonymous_1)
FN:81,(anonymous_2)
FNF:3
FNH:0
FNDA:0,Login
FNDA:0,(anonymous_1)
FNDA:0,(anonymous_2)
DA:10,0
DA:11,0
DA:13,0
DA:14,0
DA:15,0
DA:17,0
DA:18,0
DA:19,0
DA:20,0
DA:22,0
DA:23,0
DA:25,0
DA:26,0
DA:27,0
DA:29,0
DA:30,0
DA:34,0
DA:38,0
DA:82,0
LF:19
LH:0
BRDA:22,0,0,0
BRDA:22,0,1,0
BRDA:25,1,0,0
BRDA:25,1,1,0
BRDA:27,2,0,0
BRDA:27,2,1,0
BRDA:68,3,0,0
BRDA:68,3,1,0
BRDA:82,4,0,0
BRDA:82,4,1,0
BRF:10
BRH:0
end_of_record
TN:
SF:src/components/Logo.jsx
FN:3,(anonymous_0)
FNF:1
FNH:1
FNDA:1,(anonymous_0)
DA:3,1
DA:4,1
LF:2
LH:2
BRDA:3,0,0,0
BRF:1
BRH:0
end_of_record
TN:
SF:src/components/PostCard.jsx
FN:4,(anonymous_0)
FNF:1
FNH:0
FNDA:0,(anonymous_0)
DA:4,1
DA:13,0
LF:2
LH:1
BRF:0
BRH:0
end_of_record
TN:
SF:src/components/RTE.jsx
FN:3,(anonymous_0)
FN:10,(anonymous_1)
FNF:2
FNH:0
FNDA:0,(anonymous_0)
FNDA:0,(anonymous_1)
DA:3,1
DA:4,0
DA:11,0
LF:3
LH:1
BRDA:3,0,0,0
BRDA:6,1,0,0
BRDA:6,1,1,0
BRDA:9,2,0,0
BRDA:9,2,1,0
BRF:5
BRH:0
end_of_record
TN:
SF:src/components/ScrollTotop.jsx
FN:4,(anonymous_0)
FN:7,(anonymous_1)
FNF:2
FNH:0
FNDA:0,(anonymous_0)
FNDA:0,(anonymous_1)
DA:4,1
DA:5,0
DA:7,0
DA:8,0
DA:11,0
LF:5
LH:1
BRF:0
BRH:0
end_of_record
TN:
SF:src/components/Select.jsx
FN:3,(anonymous_0)
FN:18,(anonymous_1)
FNF:2
FNH:0
FNDA:0,(anonymous_0)
FNDA:0,(anonymous_1)
DA:3,1
DA:4,0
DA:5,0
DA:19,0
LF:4
LH:1
BRDA:3,0,0,0
BRDA:7,1,0,0
BRDA:7,1,1,0
BRF:3
BRH:0
end_of_record
TN:
SF:src/components/Signup.jsx
FN:8,(anonymous_0)
FN:15,(anonymous_1)
FN:77,(anonymous_2)
FNF:3
FNH:0
FNDA:0,(anonymous_0)
FNDA:0,(anonymous_1)
FNDA:0,(anonymous_2)
DA:8,1
DA:9,0
DA:10,0
DA:11,0
DA:12,0
DA:15,0
DA:16,0
DA:17,0
DA:19,0
DA:20,0
DA:21,0
DA:22,0
DA:23,0
DA:26,0
DA:29,0
DA:78,0
LF:16
LH:1
BRDA:20,0,0,0
BRDA:20,0,1,0
BRDA:22,1,0,0
BRDA:22,1,1,0
BRDA:52,2,0,0
BRDA:52,2,1,0
BRDA:78,3,0,0
BRDA:78,3,1,0
BRF:8
BRH:0
end_of_record
TN:
SF:src/components/index.js
FNF:0
FNH:0
LF:0
LH:0
BRF:0
BRH:0
end_of_record
TN:
SF:src/components/Footer/Footer.jsx
FN:4,Footer
FNF:1
FNH:1
FNDA:1,Footer
DA:5,1
LF:1
LH:1
BRF:0
BRH:0
end_of_record
TN:
SF:src/components/Header/Header.jsx
FN:17,Header
FN:18,(anonymous_1)
FN:19,(anonymous_2)
FN:72,(anonymous_3)
FN:101,(anonymous_4)
FN:150,(anonymous_5)
FNF:6
FNH:0
FNDA:0,Header
FNDA:0,(anonymous_1)
FNDA:0,(anonymous_2)
FNDA:0,(anonymous_3)
FNDA:0,(anonymous_4)
FNDA:0,(anonymous_5)
DA:18,0
DA:19,0
DA:20,0
DA:72,0
DA:74,0
DA:102,0
DA:151,0
LF:7
LH:0
BRDA:102,0,0,0
BRDA:102,0,1,0
BRDA:111,1,0,0
BRDA:111,1,1,0
BRDA:124,2,0,0
BRDA:124,2,1,0
BRDA:124,2,2,0
BRDA:151,3,0,0
BRDA:151,3,1,0
BRF:9
BRH:0
end_of_record
TN:
SF:src/components/Header/LogoutBtn.jsx
FN:6,(anonymous_0)
FN:9,(anonymous_1)
FN:10,(anonymous_2)
FNF:3
FNH:0
FNDA:0,(anonymous_0)
FNDA:0,(anonymous_1)
FNDA:0,(anonymous_2)
DA:6,1
DA:7,0
DA:8,0
DA:9,0
DA:10,0
DA:11,0
DA:12,0
DA:15,0
LF:8
LH:1
BRF:0
BRH:0
end_of_record
TN:
SF:src/components/Shimmer/Loader.jsx
FN:1,(anonymous_0)
FNF:1
FNH:0
FNDA:0,(anonymous_0)
DA:1,1
DA:2,0
LF:2
LH:1
BRF:0
BRH:0
end_of_record
TN:
SF:src/components/Shimmer/ShimmerPostCard.jsx
FN:1,(anonymous_0)
FNF:1
FNH:0
FNDA:0,(anonymous_0)
DA:1,1
DA:2,0
LF:2
LH:1
BRF:0
BRH:0
end_of_record
TN:
SF:src/components/container/Container.jsx
FN:1,(anonymous_0)
FNF:1
FNH:0
FNDA:0,(anonymous_0)
DA:1,1
DA:2,0
LF:2
LH:1
BRF:0
BRH:0
end_of_record
TN:
SF:src/components/post-form/CoverImageUpload.jsx
FN:3,(anonymous_0)
FN:7,(anonymous_1)
FN:15,(anonymous_2)
FNF:3
FNH:0
FNDA:0,(anonymous_0)
FNDA:0,(anonymous_1)
FNDA:0,(anonymous_2)
DA:3,1
DA:4,0
DA:5,0
DA:7,0
DA:8,0
DA:9,0
DA:10,0
DA:11,0
DA:15,0
DA:16,0
DA:19,0
LF:11
LH:1
BRDA:9,0,0,0
BRDA:9,0,1,0
BRDA:35,1,0,0
BRDA:35,1,1,0
BRDA:35,1,2,0
BRF:5
BRH:0
end_of_record
TN:
SF:src/components/post-form/PostForm.jsx
FN:8,(anonymous_0)
FN:9,(anonymous_1)
FN:23,(anonymous_2)
FN:59,(anonymous_3)
FN:69,(anonymous_4)
FN:72,(anonymous_5)
FN:80,(anonymous_6)
FN:102,(anonymous_7)
FNF:8
FNH:0
FNDA:0,(anonymous_0)
FNDA:0,(anonymous_1)
FNDA:0,(anonymous_2)
FNDA:0,(anonymous_3)
FNDA:0,(anonymous_4)
FNDA:0,(anonymous_5)
FNDA:0,(anonymous_6)
FNDA:0,(anonymous_7)
DA:8,1
DA:9,0
DA:11,0
DA:13,0
DA:23,0
DA:25,0
DA:27,0
DA:31,0
DA:32,0
DA:34,0
DA:38,0
DA:39,0
DA:43,0
DA:46,0
DA:47,0
DA:53,0
DA:54,0
DA:59,0
DA:60,0
DA:62,0
DA:66,0
DA:69,0
DA:72,0
DA:73,0
DA:74,0
DA:80,0
DA:81,0
DA:85,0
DA:103,0
LF:29
LH:1
BRDA:15,0,0,0
BRDA:15,0,1,0
BRDA:16,1,0,0
BRDA:16,1,1,0
BRDA:17,2,0,0
BRDA:17,2,1,0
BRDA:18,3,0,0
BRDA:18,3,1,0
BRDA:25,4,0,0
BRDA:25,4,1,0
BRDA:27,5,0,0
BRDA:27,5,1,0
BRDA:31,6,0,0
BRDA:31,6,1,0
BRDA:36,7,0,0
BRDA:36,7,1,0
BRDA:38,8,0,0
BRDA:38,8,1,0
BRDA:46,9,0,0
BRDA:46,9,1,0
BRDA:53,10,0,0
BRDA:53,10,1,0
BRDA:60,11,0,0
BRDA:60,11,1,0
BRDA:60,12,0,0
BRDA:60,12,1,0
BRDA:73,13,0,0
BRDA:73,13,1,0
BRDA:125,14,0,0
BRDA:125,14,1,0
BRDA:151,15,0,0
BRDA:151,15,1,0
BRDA:154,16,0,0
BRDA:154,16,1,0
BRF:34
BRH:0
end_of_record
TN:
SF:src/conf/conf.js
FNF:0
FNH:0
DA:1,1
LF:1
LH:1
BRF:0
BRH:0
end_of_record
TN:
SF:src/conf/helper.js
FN:4,(anonymous_0)
FN:12,(anonymous_1)
FN:22,(anonymous_2)
FN:30,isPrime
FN:43,findNthPrime
FNF:5
FNH:0
FNDA:0,(anonymous_0)
FNDA:0,(anonymous_1)
FNDA:0,(anonymous_2)
FNDA:0,isPrime
FNDA:0,findNthPrime
DA:4,1
DA:5,0
DA:12,1
DA:13,0
DA:14,0
DA:17,1
DA:22,1
DA:23,0
DA:24,0
DA:25,0
DA:26,0
DA:27,0
DA:31,0
DA:32,0
DA:34,0
DA:35,0
DA:36,0
DA:39,0
DA:44,0
DA:45,0
DA:46,0
DA:47,0
DA:48,0
DA:50,0
DA:52,0
LF:25
LH:4
BRDA:27,0,0,0
BRDA:27,0,1,0
BRDA:31,1,0,0
BRDA:31,1,1,0
BRDA:35,2,0,0
BRDA:35,2,1,0
BRDA:47,3,0,0
BRDA:47,3,1,0
BRF:8
BRH:0
end_of_record
TN:
SF:src/store/authSlice.js
FN:10,(anonymous_0)
FN:14,(anonymous_1)
FNF:2
FNH:0
FNDA:0,(anonymous_0)
FNDA:0,(anonymous_1)
DA:2,1
DA:6,1
DA:11,0
DA:12,0
DA:15,0
DA:16,0
DA:21,1
LF:7
LH:3
BRF:0
BRH:0
end_of_record
