TN:
SF:src/conf/helper.js
FN:4,(anonymous_0)
FN:12,(anonymous_1)
FN:22,(anonymous_2)
FN:30,isPrime
FN:43,findNthPrime
FNF:5
FNH:5
FNDA:1,(anonymous_0)
FNDA:1,(anonymous_1)
FNDA:1,(anonymous_2)
FNDA:2,isPrime
FNDA:2,findNthPrime
DA:4,1
DA:5,1
DA:12,1
DA:13,1
DA:14,1
DA:17,1
DA:22,1
DA:23,1
DA:24,1
DA:25,1
DA:26,1
DA:27,1
DA:31,2
DA:32,0
DA:34,2
DA:35,0
DA:36,0
DA:39,2
DA:44,2
DA:45,2
DA:46,2
DA:47,2
DA:48,2
DA:50,2
DA:52,2
LF:25
LH:22
BRDA:27,0,0,0
BRDA:27,0,1,1
BRDA:31,1,0,0
BRDA:31,1,1,2
BRDA:35,2,0,0
BRDA:35,2,1,0
BRDA:47,3,0,2
BRDA:47,3,1,0
BRF:8
BRH:3
end_of_record
